<?xml version="1.0" encoding="UTF-8"?>
<testsuite xmlns:xsi="http://www.w3.org/2001/XMLSchema-instance" xsi:noNamespaceSchemaLocation="https://maven.apache.org/surefire/maven-surefire-plugin/xsd/surefire-test-report.xsd" version="3.0.2" name="com.wallet.WalletFeatureIntegrationTest" time="88.457" tests="8" errors="0" skipped="0" failures="0">
  <properties>
[...]
</properties>
  <testcase name="registerUserAutoCreatesWallet" classname="com.wallet.WalletFeatureIntegrationTest" time="7.247">
    <system-out><![CDATA[10:34:14.152 [main] INFO org.springframework.test.context.support.AnnotationConfigContextLoaderUtils -- Could not detect default configuration classes for test class [com.wallet.WalletFeatureIntegrationTest]: WalletFeatureIntegrationTest does not declare any static, non-private, non-final, nested classes annotated with @Configuration.
10:34:16.067 [main] INFO org.springframework.boot.test.context.SpringBootTestContextBootstrapper -- Found @SpringBootConfiguration com.wallet.WalletServiceApplication for test class com.wallet.WalletFeatureIntegrationTest

  .   ____          _            __ _ _
 /\\ / ___'_ __ _ _(_)_ __  __ _ \ \ \ \
( ( )\___ | '_ | '_| | '_ \/ _` | \ \ \ \
 \\/  ___)| |_)| | | | | || (_| |  ) ) ) )
  '  |____| .__|_| |_|_| |_\__, | / / / /
 =========|_|==============|___/=/_/_/_/

 :: Spring Boot ::                (v3.5.0)

2026-06-23T10:34:22.854+01:00  INFO 78317 --- [wallet-service] [           main] i.z.t.d.p.embedded.EmbeddedPostgres      : Detected a Darwin x86_64 system
2026-06-23T10:34:22.866+01:00  INFO 78317 --- [wallet-service] [           main] .z.t.d.p.e.DefaultPostgresBinaryResolver : Detected distribution: 'Unknown'
2026-06-23T10:34:22.869+01:00  INFO 78317 --- [wallet-service] [           main] .z.t.d.p.e.DefaultPostgresBinaryResolver : System specific postgres binaries found: 'postgres-darwin-x86_64.txz'
2026-06-23T10:34:24.071+01:00  INFO 78317 --- [wallet-service] [           main] i.z.t.d.p.embedded.EmbeddedPostgres      : Postgres binaries at /var/folders/nb/vypbjmrj4ms9tmtssqwplbgw0000gp/T/embedded-pg/PG-39179acabe7ec3307797be8ca43eb582
2026-06-23T10:34:24.251+01:00  INFO 78317 --- [wallet-service] [itdb:pid(78531)] i.z.t.d.p.embedded.EmbeddedPostgres      : The files belonging to this database system will be owned by user "macbook".
2026-06-23T10:34:24.251+01:00  INFO 78317 --- [wallet-service] [itdb:pid(78531)] i.z.t.d.p.embedded.EmbeddedPostgres      : This user must also own the server process.
2026-06-23T10:34:24.252+01:00  INFO 78317 --- [wallet-service] [itdb:pid(78531)] i.z.t.d.p.embedded.EmbeddedPostgres      : 
2026-06-23T10:34:24.252+01:00  INFO 78317 --- [wallet-service] [itdb:pid(78531)] i.z.t.d.p.embedded.EmbeddedPostgres      : The database cluster will be initialized with locale "C".
2026-06-23T10:34:24.253+01:00  INFO 78317 --- [wallet-service] [itdb:pid(78531)] i.z.t.d.p.embedded.EmbeddedPostgres      : The default text search configuration will be set to "english".
2026-06-23T10:34:24.253+01:00  INFO 78317 --- [wallet-service] [itdb:pid(78531)] i.z.t.d.p.embedded.EmbeddedPostgres      : 
2026-06-23T10:34:24.253+01:00  INFO 78317 --- [wallet-service] [itdb:pid(78531)] i.z.t.d.p.embedded.EmbeddedPostgres      : Data page checksums are disabled.
2026-06-23T10:34:24.253+01:00  INFO 78317 --- [wallet-service] [itdb:pid(78531)] i.z.t.d.p.embedded.EmbeddedPostgres      : 
2026-06-23T10:34:24.254+01:00  INFO 78317 --- [wallet-service] [itdb:pid(78531)] i.z.t.d.p.embedded.EmbeddedPostgres      : fixing permissions on existing directory /var/folders/nb/vypbjmrj4ms9tmtssqwplbgw0000gp/T/epg11406071226628600555 ... ok
2026-06-23T10:34:24.265+01:00  INFO 78317 --- [wallet-service] [itdb:pid(78531)] i.z.t.d.p.embedded.EmbeddedPostgres      : creating subdirectories ... ok
2026-06-23T10:34:24.266+01:00  INFO 78317 --- [wallet-service] [itdb:pid(78531)] i.z.t.d.p.embedded.EmbeddedPostgres      : selecting dynamic shared memory implementation ... posix
2026-06-23T10:34:24.394+01:00  INFO 78317 --- [wallet-service] [itdb:pid(78531)] i.z.t.d.p.embedded.EmbeddedPostgres      : selecting default max_connections ... 100
2026-06-23T10:34:24.498+01:00  INFO 78317 --- [wallet-service] [itdb:pid(78531)] i.z.t.d.p.embedded.EmbeddedPostgres      : selecting default shared_buffers ... 128MB
2026-06-23T10:34:24.513+01:00  INFO 78317 --- [wallet-service] [itdb:pid(78531)] i.z.t.d.p.embedded.EmbeddedPostgres      : selecting default time zone ... Africa/Lagos
2026-06-23T10:34:24.530+01:00  INFO 78317 --- [wallet-service] [itdb:pid(78531)] i.z.t.d.p.embedded.EmbeddedPostgres      : creating configuration files ... ok
2026-06-23T10:34:27.104+01:00  INFO 78317 --- [wallet-service] [itdb:pid(78531)] i.z.t.d.p.embedded.EmbeddedPostgres      : running bootstrap script ... ok
2026-06-23T10:34:32.519+01:00  INFO 78317 --- [wallet-service] [itdb:pid(78531)] i.z.t.d.p.embedded.EmbeddedPostgres      : performing post-bootstrap initialization ... ok
2026-06-23T10:34:32.722+01:00  INFO 78317 --- [wallet-service] [itdb:pid(78531)] i.z.t.d.p.embedded.EmbeddedPostgres      : syncing data to disk ... ok
2026-06-23T10:34:32.730+01:00  INFO 78317 --- [wallet-service] [itdb:pid(78531)] i.z.t.d.p.embedded.EmbeddedPostgres      : 
2026-06-23T10:34:32.730+01:00  INFO 78317 --- [wallet-service] [itdb:pid(78531)] i.z.t.d.p.embedded.EmbeddedPostgres      : Success. You can now start the database server using:
2026-06-23T10:34:32.731+01:00  INFO 78317 --- [wallet-service] [itdb:pid(78531)] i.z.t.d.p.embedded.EmbeddedPostgres      : 
2026-06-23T10:34:32.731+01:00  INFO 78317 --- [wallet-service] [itdb:pid(78531)] i.z.t.d.p.embedded.EmbeddedPostgres      :     /var/folders/nb/vypbjmrj4ms9tmtssqwplbgw0000gp/T/embedded-pg/PG-39179acabe7ec3307797be8ca43eb582/bin/pg_ctl -D /var/folders/nb/vypbjmrj4ms9tmtssqwplbgw0000gp/T/epg11406071226628600555 -l logfile start
2026-06-23T10:34:32.731+01:00  INFO 78317 --- [wallet-service] [itdb:pid(78531)] i.z.t.d.p.embedded.EmbeddedPostgres      : 
2026-06-23T10:34:32.732+01:00  INFO 78317 --- [wallet-service] [           main] i.z.t.d.p.embedded.EmbeddedPostgres      : 5e5e7d08-55a3-4e3f-a32d-eaabb54abbea initdb completed in 00:00:08.650
2026-06-23T10:34:32.771+01:00  INFO 78317 --- [wallet-service] [           main] i.z.t.d.p.embedded.EmbeddedPostgres      : 5e5e7d08-55a3-4e3f-a32d-eaabb54abbea postmaster started as Process[pid=78712, exitValue="not exited"] on port 54741.  Waiting up to PT10S for server startup to finish.
2026-06-23T10:34:33.049+01:00  INFO 78317 --- [wallet-service] [gres:pid(78712)] i.z.t.d.p.embedded.EmbeddedPostgres      : waiting for server to start....2026-06-23 10:34:33.049 WAT [78718] LOG:  starting PostgreSQL 14.10 on x86_64-apple-darwin20.6.0, compiled by Apple clang version 12.0.5 (clang-1205.0.22.9), 64-bit
2026-06-23T10:34:33.053+01:00  INFO 78317 --- [wallet-service] [gres:pid(78712)] i.z.t.d.p.embedded.EmbeddedPostgres      : 2026-06-23 10:34:33.052 WAT [78718] LOG:  listening on IPv6 address "::1", port 54741
2026-06-23T10:34:33.053+01:00  INFO 78317 --- [wallet-service] [gres:pid(78712)] i.z.t.d.p.embedded.EmbeddedPostgres      : 2026-06-23 10:34:33.052 WAT [78718] LOG:  listening on IPv4 address "127.0.0.1", port 54741
2026-06-23T10:34:33.065+01:00  INFO 78317 --- [wallet-service] [gres:pid(78712)] i.z.t.d.p.embedded.EmbeddedPostgres      : 2026-06-23 10:34:33.064 WAT [78718] LOG:  listening on Unix socket "/tmp/.s.PGSQL.54741"
2026-06-23T10:34:33.082+01:00  INFO 78317 --- [wallet-service] [gres:pid(78712)] i.z.t.d.p.embedded.EmbeddedPostgres      : 2026-06-23 10:34:33.081 WAT [78722] LOG:  database system was shut down at 2026-06-23 10:34:32 WAT
2026-06-23T10:34:33.120+01:00  INFO 78317 --- [wallet-service] [gres:pid(78712)] i.z.t.d.p.embedded.EmbeddedPostgres      : 2026-06-23 10:34:33.120 WAT [78718] LOG:  database system is ready to accept connections
2026-06-23T10:34:33.232+01:00  INFO 78317 --- [wallet-service] [gres:pid(78712)] i.z.t.d.p.embedded.EmbeddedPostgres      :  done
2026-06-23T10:34:33.233+01:00  INFO 78317 --- [wallet-service] [gres:pid(78712)] i.z.t.d.p.embedded.EmbeddedPostgres      : server started
2026-06-23T10:34:33.811+01:00  INFO 78317 --- [wallet-service] [           main] i.z.t.d.p.embedded.EmbeddedPostgres      : 5e5e7d08-55a3-4e3f-a32d-eaabb54abbea postmaster startup finished in 00:00:01.059
2026-06-23T10:34:33.814+01:00  INFO 78317 --- [wallet-service] [           main] c.wallet.WalletFeatureIntegrationTest    : Embedded Postgres started at jdbc:postgresql://localhost:54741/postgres?user=postgres
2026-06-23T10:34:33.849+01:00  INFO 78317 --- [wallet-service] [           main] c.wallet.WalletFeatureIntegrationTest    : Starting WalletFeatureIntegrationTest using Java 26.0.1 with PID 78317 (started by macbook in /Users/macbook/Desktop/wallet-system/wallet-service)
2026-06-23T10:34:33.850+01:00 DEBUG 78317 --- [wallet-service] [           main] c.wallet.WalletFeatureIntegrationTest    : Running with Spring Boot v3.5.0, Spring v6.2.7
2026-06-23T10:34:33.852+01:00  INFO 78317 --- [wallet-service] [           main] c.wallet.WalletFeatureIntegrationTest    : The following 1 profile is active: "test"
2026-06-23T10:34:43.886+01:00  INFO 78317 --- [wallet-service] [           main] .s.d.r.c.RepositoryConfigurationDelegate : Multiple Spring Data modules found, entering strict repository configuration mode
2026-06-23T10:34:43.897+01:00  INFO 78317 --- [wallet-service] [           main] .s.d.r.c.RepositoryConfigurationDelegate : Bootstrapping Spring Data JPA repositories in DEFAULT mode.
2026-06-23T10:34:45.552+01:00  INFO 78317 --- [wallet-service] [           main] .s.d.r.c.RepositoryConfigurationDelegate : Finished Spring Data repository scanning in 1501 ms. Found 4 JPA repository interfaces.
2026-06-23T10:34:51.734+01:00  INFO 78317 --- [wallet-service] [           main] com.zaxxer.hikari.HikariDataSource       : HikariPool-1 - Starting...
2026-06-23T10:34:51.801+01:00  INFO 78317 --- [wallet-service] [           main] com.zaxxer.hikari.pool.HikariPool        : HikariPool-1 - Added connection org.postgresql.jdbc.PgConnection@2e7a9db7
2026-06-23T10:34:51.805+01:00  INFO 78317 --- [wallet-service] [           main] com.zaxxer.hikari.HikariDataSource       : HikariPool-1 - Start completed.
2026-06-23T10:34:52.165+01:00  INFO 78317 --- [wallet-service] [           main] org.flywaydb.core.FlywayExecutor         : Database: jdbc:postgresql://localhost:54741/postgres?user=postgres (PostgreSQL 14.10)
2026-06-23T10:34:52.476+01:00  INFO 78317 --- [wallet-service] [           main] o.f.c.i.s.JdbcTableSchemaHistory         : Schema history table "public"."flyway_schema_history" does not exist yet
2026-06-23T10:34:52.483+01:00  INFO 78317 --- [wallet-service] [           main] o.f.core.internal.command.DbValidate     : Successfully validated 1 migration (execution time 00:00.095s)
2026-06-23T10:34:52.517+01:00  INFO 78317 --- [wallet-service] [           main] org.flywaydb.core.Flyway                 : All configured schemas are empty; baseline operation skipped. A baseline or migration script with a lower version than the baseline version may execute if available. Check the Schemas parameter if this is not intended.
2026-06-23T10:34:52.532+01:00  INFO 78317 --- [wallet-service] [           main] o.f.c.i.s.JdbcTableSchemaHistory         : Creating Schema History table "public"."flyway_schema_history" ...
2026-06-23T10:34:52.730+01:00  INFO 78317 --- [wallet-service] [           main] o.f.core.internal.command.DbMigrate      : Current version of schema "public": << Empty Schema >>
2026-06-23T10:34:52.853+01:00  INFO 78317 --- [wallet-service] [           main] o.f.core.internal.command.DbMigrate      : Migrating schema "public" to version "1 - init"
2026-06-23T10:34:53.000+01:00  INFO 78317 --- [wallet-service] [           main] o.f.core.internal.command.DbMigrate      : Successfully applied 1 migration to schema "public", now at version v1 (execution time 00:00.138s)
2026-06-23T10:34:53.801+01:00  INFO 78317 --- [wallet-service] [           main] o.hibernate.jpa.internal.util.LogHelper  : HHH000204: Processing PersistenceUnitInfo [name: default]
2026-06-23T10:34:54.270+01:00  INFO 78317 --- [wallet-service] [           main] org.hibernate.Version                    : HHH000412: Hibernate ORM core version 6.6.15.Final
2026-06-23T10:34:54.535+01:00  INFO 78317 --- [wallet-service] [           main] o.h.c.internal.RegionFactoryInitiator    : HHH000026: Second-level cache disabled
2026-06-23T10:34:56.666+01:00  INFO 78317 --- [wallet-service] [           main] o.s.o.j.p.SpringPersistenceUnitInfo      : No LoadTimeWeaver setup: ignoring JPA class transformer
2026-06-23T10:34:57.150+01:00  WARN 78317 --- [wallet-service] [           main] org.hibernate.orm.deprecation            : HHH90000025: PostgreSQLDialect does not need to be specified explicitly using 'hibernate.dialect' (remove the property setting and it will be selected by default)
2026-06-23T10:34:57.200+01:00  INFO 78317 --- [wallet-service] [           main] org.hibernate.orm.connections.pooling    : HHH10001005: Database info:
	Database JDBC URL [Connecting through datasource 'HikariDataSource (HikariPool-1)']
	Database driver: undefined/unknown
	Database version: 14.10
	Autocommit mode: undefined/unknown
	Isolation level: undefined/unknown
	Minimum pool size: undefined/unknown
	Maximum pool size: undefined/unknown
2026-06-23T10:35:05.080+01:00  INFO 78317 --- [wallet-service] [           main] o.h.e.t.j.p.i.JtaPlatformInitiator       : HHH000489: No JTA platform available (set 'hibernate.transaction.jta.platform' to enable JTA platform integration)
2026-06-23T10:35:05.272+01:00  INFO 78317 --- [wallet-service] [           main] j.LocalContainerEntityManagerFactoryBean : Initialized JPA EntityManagerFactory for persistence unit 'default'
2026-06-23T10:35:07.852+01:00  INFO 78317 --- [wallet-service] [           main] o.s.d.j.r.query.QueryEnhancerFactory     : Hibernate is in classpath; If applicable, HQL parser will be used.
2026-06-23T10:35:16.186+01:00  WARN 78317 --- [wallet-service] [           main] JpaBaseConfiguration$JpaWebConfiguration : spring.jpa.open-in-view is enabled by default. Therefore, database queries may be performed during view rendering. Explicitly configure spring.jpa.open-in-view to disable this warning
2026-06-23T10:35:19.284+01:00  INFO 78317 --- [wallet-service] [           main] o.s.b.a.e.web.EndpointLinksResolver      : Exposing 2 endpoints beneath base path '/actuator'
2026-06-23T10:35:19.667+01:00  WARN 78317 --- [wallet-service] [           main] .s.s.UserDetailsServiceAutoConfiguration : 

Using generated security password: ef500c74-5dcd-4d00-9a08-97590c828fb7

This generated password is for development use only. Your security configuration must be updated before running your application in production.

2026-06-23T10:35:19.703+01:00  INFO 78317 --- [wallet-service] [           main] r$InitializeUserDetailsManagerConfigurer : Global AuthenticationManager configured with UserDetailsService bean with name inMemoryUserDetailsManager
2026-06-23T10:35:24.250+01:00 DEBUG 78317 --- [wallet-service] [           main] c.wallet.config.UserIdHeaderAuthFilter   : Filter 'userIdHeaderAuthFilter' configured for use
2026-06-23T10:35:24.251+01:00  INFO 78317 --- [wallet-service] [           main] o.s.b.t.m.w.SpringBootMockServletContext : Initializing Spring TestDispatcherServlet ''
2026-06-23T10:35:24.255+01:00  INFO 78317 --- [wallet-service] [           main] o.s.t.web.servlet.TestDispatcherServlet  : Initializing Servlet ''
2026-06-23T10:35:24.258+01:00  INFO 78317 --- [wallet-service] [           main] o.s.t.web.servlet.TestDispatcherServlet  : Completed initialization in 3 ms
2026-06-23T10:35:25.083+01:00  INFO 78317 --- [wallet-service] [           main] c.wallet.WalletFeatureIntegrationTest    : Started WalletFeatureIntegrationTest in 66.867 seconds (process running for 80.759)
2026-06-23T10:35:30.934+01:00  INFO 78317 --- [wallet-service] [           main] com.wallet.service.WalletService         : Creating wallet for userId=049ca5d1-2126-4a4d-9b51-ea9280c5689f
2026-06-23T10:35:31.497+01:00  INFO 78317 --- [wallet-service] [           main] c.wallet.WalletFeatureIntegrationTest    : [REGISTER] senderUserId=049ca5d1-2126-4a4d-9b51-ea9280c5689f response={"success":true,"message":"User registered successfully","data":{"id":"049ca5d1-2126-4a4d-9b51-ea9280c5689f","fullName":"Alice Sender","email":"alice-cfc5e70a-0da1-463d-b3a9-d3d0005de317@test.com","phone":"08012345678","passwordHash":"$2a$10$925d3I2cOj5RyMtRFqUT7O0QK9/7kQcLDwDLrC1Z0NAL1vUfKOgbW","bvn":null,"nin":null,"kycTier":"TIER_1","kycStatus":"PENDING","active":true,"createdAt":"2026-06-23T10:35:30.90323","wallet":null}}
2026-06-23T10:35:32.568+01:00  INFO 78317 --- [wallet-service] [           main] c.wallet.WalletFeatureIntegrationTest    : [WALLET] auto-created accountNumber=207330935 balance=0.0000
2026-06-23T10:35:32.572+01:00  INFO 78317 --- [wallet-service] [           main] com.wallet.service.WalletService         : Credit walletId=7d707f33-659b-4149-81fd-feb082e541e1 amount=100000.00 ref=FUND-ALICE
]]></system-out>
    <system-err><![CDATA[Mockito is currently self-attaching to enable the inline-mock-maker. This will no longer work in future releases of the JDK. Please add Mockito as an agent to your build as described in Mockito's documentation: https://javadoc.io/doc/org.mockito/mockito-core/latest/org.mockito/org/mockito/Mockito.html#0.3
WARNING: A Java agent has been loaded dynamically (/Users/macbook/.m2/repository/net/bytebuddy/byte-buddy-agent/1.17.5/byte-buddy-agent-1.17.5.jar)
WARNING: If a serviceability tool is in use, please run with -XX:+EnableDynamicAgentLoading to hide this warning
WARNING: If a serviceability tool is not in use, please run with -Djdk.instrument.traceUsage for more information
WARNING: Dynamic loading of agents will be disallowed by default in a future release
]]></system-err>
  </testcase>
  <testcase name="registerReceiver" classname="com.wallet.WalletFeatureIntegrationTest" time="1.054">
    <system-out><![CDATA[2026-06-23T10:35:34.116+01:00  INFO 78317 --- [wallet-service] [           main] com.wallet.service.WalletService         : Creating wallet for userId=c0b93d86-fda7-454e-935e-d30d0c8d672a
2026-06-23T10:35:34.143+01:00  INFO 78317 --- [wallet-service] [           main] c.wallet.WalletFeatureIntegrationTest    : [REGISTER] receiverUserId=c0b93d86-fda7-454e-935e-d30d0c8d672a accountNumber=207334117
]]></system-out>
  </testcase>
  <testcase name="transferCreatesAuditTrail" classname="com.wallet.WalletFeatureIntegrationTest" time="1.446">
    <system-out><![CDATA[2026-06-23T10:35:34.588+01:00  INFO 78317 --- [wallet-service] [           main] com.wallet.service.TransferService       : Transfer request: senderUserId=049ca5d1-2126-4a4d-9b51-ea9280c5689f ref=TXN-d6e64e55-4e72-464a-a6f7-cae9ce568489 amount=15000.00 receiver=207334117
2026-06-23T10:35:34.638+01:00 DEBUG 78317 --- [wallet-service] [           main] com.wallet.service.KycLimitService       : Validating KYC limits for walletId=7d707f33-659b-4149-81fd-feb082e541e1 tier=TIER_1 amount=15000.00
2026-06-23T10:35:34.933+01:00 DEBUG 78317 --- [wallet-service] [           main] com.wallet.service.KycLimitService       : KYC validation passed for walletId=7d707f33-659b-4149-81fd-feb082e541e1
2026-06-23T10:35:34.933+01:00 DEBUG 78317 --- [wallet-service] [           main] com.wallet.service.TransferService       : Transfer fee=0 totalDeduction=15000.00
2026-06-23T10:35:34.935+01:00 DEBUG 78317 --- [wallet-service] [           main] com.wallet.service.TransferService       : Acquiring pessimistic locks on wallets fd1bcb40-d208-4fb7-b93a-a1837e22535e then 7d707f33-659b-4149-81fd-feb082e541e1
2026-06-23T10:35:35.167+01:00  INFO 78317 --- [wallet-service] [           main] com.wallet.service.WalletService         : Debit walletId=7d707f33-659b-4149-81fd-feb082e541e1 amount=15000.00 fee=0 ref=TXN-d6e64e55-4e72-464a-a6f7-cae9ce568489-DR
2026-06-23T10:35:35.220+01:00  INFO 78317 --- [wallet-service] [           main] com.wallet.service.WalletService         : Credit walletId=fd1bcb40-d208-4fb7-b93a-a1837e22535e amount=15000.00 ref=TXN-d6e64e55-4e72-464a-a6f7-cae9ce568489-CR
2026-06-23T10:35:35.234+01:00  INFO 78317 --- [wallet-service] [           main] com.wallet.service.TransferService       : Transfer successful: TXN-d6e64e55-4e72-464a-a6f7-cae9ce568489
2026-06-23T10:35:35.378+01:00  INFO 78317 --- [wallet-service] [           main] c.wallet.WalletFeatureIntegrationTest    : [TRANSFER] response={"success":true,"message":"Transfer processed","data":{"reference":"TXN-d6e64e55-4e72-464a-a6f7-cae9ce568489","amount":15000.00,"status":"SUCCESS","receiverAccountNumber":"fd1bcb40-d208-4fb7-b93a-a1837e22535e","timestamp":null}}
2026-06-23T10:35:35.639+01:00  INFO 78317 --- [wallet-service] [           main] c.wallet.WalletFeatureIntegrationTest    : [AUDIT] sender transactions=[{"reference":"TXN-d6e64e55-4e72-464a-a6f7-cae9ce568489-DR","type":"DEBIT","amount":15000.0,"fee":0.0,"balanceBefore":100000.0,"balanceAfter":85000.0,"status":"SUCCESS","transactionType":"WALLET_TRANSFER","createdAt":"2026-06-23T10:35:35.283129"},{"reference":"FUND-ALICE","type":"CREDIT","amount":100000.0,"fee":0.0,"balanceBefore":0.0,"balanceAfter":100000.0,"status":"SUCCESS","transactionType":"FUNDING","createdAt":"2026-06-23T10:35:32.839178"}]
]]></system-out>
  </testcase>
  <testcase name="idempotentTransferByReference" classname="com.wallet.WalletFeatureIntegrationTest" time="0.495">
    <system-out><![CDATA[2026-06-23T10:35:35.839+01:00  INFO 78317 --- [wallet-service] [           main] com.wallet.service.TransferService       : Transfer request: senderUserId=049ca5d1-2126-4a4d-9b51-ea9280c5689f ref=IDEM-2374b62a-584c-4c1e-8276-d88519012694 amount=5000.00 receiver=207334117
2026-06-23T10:35:35.954+01:00 DEBUG 78317 --- [wallet-service] [           main] com.wallet.service.KycLimitService       : Validating KYC limits for walletId=7d707f33-659b-4149-81fd-feb082e541e1 tier=TIER_1 amount=5000.00
2026-06-23T10:35:35.969+01:00 DEBUG 78317 --- [wallet-service] [           main] com.wallet.service.KycLimitService       : KYC validation passed for walletId=7d707f33-659b-4149-81fd-feb082e541e1
2026-06-23T10:35:35.969+01:00 DEBUG 78317 --- [wallet-service] [           main] com.wallet.service.TransferService       : Transfer fee=0 totalDeduction=5000.00
2026-06-23T10:35:35.969+01:00 DEBUG 78317 --- [wallet-service] [           main] com.wallet.service.TransferService       : Acquiring pessimistic locks on wallets fd1bcb40-d208-4fb7-b93a-a1837e22535e then 7d707f33-659b-4149-81fd-feb082e541e1
2026-06-23T10:35:36.002+01:00  INFO 78317 --- [wallet-service] [           main] com.wallet.service.WalletService         : Debit walletId=7d707f33-659b-4149-81fd-feb082e541e1 amount=5000.00 fee=0 ref=IDEM-2374b62a-584c-4c1e-8276-d88519012694-DR
2026-06-23T10:35:36.004+01:00  INFO 78317 --- [wallet-service] [           main] com.wallet.service.WalletService         : Credit walletId=fd1bcb40-d208-4fb7-b93a-a1837e22535e amount=5000.00 ref=IDEM-2374b62a-584c-4c1e-8276-d88519012694-CR
2026-06-23T10:35:36.014+01:00  INFO 78317 --- [wallet-service] [           main] com.wallet.service.TransferService       : Transfer successful: IDEM-2374b62a-584c-4c1e-8276-d88519012694
2026-06-23T10:35:36.134+01:00  INFO 78317 --- [wallet-service] [           main] c.wallet.WalletFeatureIntegrationTest    : [IDEMPOTENCY] balance before retry=80000.0000
2026-06-23T10:35:36.150+01:00  INFO 78317 --- [wallet-service] [           main] com.wallet.service.TransferService       : Transfer request: senderUserId=049ca5d1-2126-4a4d-9b51-ea9280c5689f ref=IDEM-2374b62a-584c-4c1e-8276-d88519012694 amount=5000.00 receiver=207334117
2026-06-23T10:35:36.186+01:00  INFO 78317 --- [wallet-service] [           main] com.wallet.service.TransferService       : Idempotent hit — returning existing transfer ref=IDEM-2374b62a-584c-4c1e-8276-d88519012694
2026-06-23T10:35:36.264+01:00  INFO 78317 --- [wallet-service] [           main] c.wallet.WalletFeatureIntegrationTest    : [IDEMPOTENCY] balance after retry=80000.0000
]]></system-out>
  </testcase>
  <testcase name="kycSingleTransferLimitEnforced" classname="com.wallet.WalletFeatureIntegrationTest" time="0.171">
    <system-out><![CDATA[2026-06-23T10:35:36.381+01:00  INFO 78317 --- [wallet-service] [           main] com.wallet.service.TransferService       : Transfer request: senderUserId=049ca5d1-2126-4a4d-9b51-ea9280c5689f ref=KYC-SINGLE-6979ee0c-4f2a-4779-9a2d-3363286745e0 amount=60000.00 receiver=207334117
2026-06-23T10:35:36.415+01:00 DEBUG 78317 --- [wallet-service] [           main] com.wallet.service.KycLimitService       : Validating KYC limits for walletId=7d707f33-659b-4149-81fd-feb082e541e1 tier=TIER_1 amount=60000.00
2026-06-23T10:35:36.416+01:00  WARN 78317 --- [wallet-service] [           main] com.wallet.service.KycLimitService       : Single transfer limit exceeded: tier=TIER_1 amount=60000.00 limit=50000.00
2026-06-23T10:35:36.500+01:00  INFO 78317 --- [wallet-service] [           main] c.wallet.WalletFeatureIntegrationTest    : [KYC] single limit rejection={"error":"Transfer amount exceeds single transfer limit for your tier"}
]]></system-out>
  </testcase>
  <testcase name="getBalance" classname="com.wallet.WalletFeatureIntegrationTest" time="0.127">
    <system-out><![CDATA[2026-06-23T10:35:36.581+01:00 DEBUG 78317 --- [wallet-service] [           main] com.wallet.service.WalletService         : Balance for userId=049ca5d1-2126-4a4d-9b51-ea9280c5689f: balance=80000.0000, ledger=80000.0000
2026-06-23T10:35:36.633+01:00  INFO 78317 --- [wallet-service] [           main] c.wallet.WalletFeatureIntegrationTest    : [BALANCE] {"success":true,"message":"Balance fetched successfully","data":{"accountNumber":"207330935","currency":"NGN","balance":80000.0000,"ledgerBalance":80000.0000}}
]]></system-out>
  </testcase>
  <testcase name="atomicTransferRollsBackOnInsufficientFunds" classname="com.wallet.WalletFeatureIntegrationTest" time="0.269">
    <system-out><![CDATA[2026-06-23T10:35:36.899+01:00  INFO 78317 --- [wallet-service] [           main] com.wallet.service.TransferService       : Transfer request: senderUserId=049ca5d1-2126-4a4d-9b51-ea9280c5689f ref=FAIL-82de204f-a6af-4a4f-82ad-3f726ab2cc13 amount=85000.00 receiver=207334117
2026-06-23T10:35:36.963+01:00 DEBUG 78317 --- [wallet-service] [           main] com.wallet.service.KycLimitService       : Validating KYC limits for walletId=7d707f33-659b-4149-81fd-feb082e541e1 tier=TIER_1 amount=85000.00
2026-06-23T10:35:36.964+01:00  WARN 78317 --- [wallet-service] [           main] com.wallet.service.KycLimitService       : Single transfer limit exceeded: tier=TIER_1 amount=85000.00 limit=50000.00
2026-06-23T10:35:37.036+01:00  INFO 78317 --- [wallet-service] [           main] c.wallet.WalletFeatureIntegrationTest    : [ATOMIC] balance before=80000.0000 after failed transfer=80000.0000
]]></system-out>
  </testcase>
  <testcase name="concurrentTransfersDoNotOverdraw" classname="com.wallet.WalletFeatureIntegrationTest" time="0.904">
    <system-out><![CDATA[2026-06-23T10:35:37.589+01:00  INFO 78317 --- [wallet-service] [           main] com.wallet.service.WalletService         : Creating wallet for userId=b558e8dd-b54d-4105-abcd-5920c4a31fa5
2026-06-23T10:35:37.615+01:00  INFO 78317 --- [wallet-service] [           main] com.wallet.service.WalletService         : Credit walletId=5d613b25-76e2-4230-8dcc-2b0a186b0f7f amount=10000.00 ref=FUND-CONC
2026-06-23T10:35:37.665+01:00  INFO 78317 --- [wallet-service] [pool-3-thread-3] com.wallet.service.TransferService       : Transfer request: senderUserId=b558e8dd-b54d-4105-abcd-5920c4a31fa5 ref=CONC-2-6dc30c73-09b7-4595-baef-203528880f45 amount=3000.00 receiver=207334117
2026-06-23T10:35:37.669+01:00  INFO 78317 --- [wallet-service] [pool-3-thread-2] com.wallet.service.TransferService       : Transfer request: senderUserId=b558e8dd-b54d-4105-abcd-5920c4a31fa5 ref=CONC-1-a1465a29-e200-4755-8ec5-8998189488ee amount=3000.00 receiver=207334117
2026-06-23T10:35:37.670+01:00  INFO 78317 --- [wallet-service] [pool-3-thread-4] com.wallet.service.TransferService       : Transfer request: senderUserId=b558e8dd-b54d-4105-abcd-5920c4a31fa5 ref=CONC-3-91534024-d7d9-4cda-98ed-5bf4f1474007 amount=3000.00 receiver=207334117
2026-06-23T10:35:37.671+01:00  INFO 78317 --- [wallet-service] [pool-3-thread-5] com.wallet.service.TransferService       : Transfer request: senderUserId=b558e8dd-b54d-4105-abcd-5920c4a31fa5 ref=CONC-4-058067a0-e7a8-4e82-ba7e-549c898c89e7 amount=3000.00 receiver=207334117
2026-06-23T10:35:37.672+01:00  INFO 78317 --- [wallet-service] [pool-3-thread-1] com.wallet.service.TransferService       : Transfer request: senderUserId=b558e8dd-b54d-4105-abcd-5920c4a31fa5 ref=CONC-0-65e8c8a4-6f25-4ebe-babd-5bedfbcd4001 amount=3000.00 receiver=207334117
2026-06-23T10:35:37.686+01:00 DEBUG 78317 --- [wallet-service] [pool-3-thread-3] com.wallet.service.KycLimitService       : Validating KYC limits for walletId=5d613b25-76e2-4230-8dcc-2b0a186b0f7f tier=TIER_1 amount=3000.00
2026-06-23T10:35:37.691+01:00 DEBUG 78317 --- [wallet-service] [pool-3-thread-3] com.wallet.service.KycLimitService       : KYC validation passed for walletId=5d613b25-76e2-4230-8dcc-2b0a186b0f7f
2026-06-23T10:35:37.691+01:00 DEBUG 78317 --- [wallet-service] [pool-3-thread-3] com.wallet.service.TransferService       : Transfer fee=0 totalDeduction=3000.00
2026-06-23T10:35:37.693+01:00 DEBUG 78317 --- [wallet-service] [pool-3-thread-3] com.wallet.service.TransferService       : Acquiring pessimistic locks on wallets fd1bcb40-d208-4fb7-b93a-a1837e22535e then 5d613b25-76e2-4230-8dcc-2b0a186b0f7f
2026-06-23T10:35:37.702+01:00 DEBUG 78317 --- [wallet-service] [pool-3-thread-2] com.wallet.service.KycLimitService       : Validating KYC limits for walletId=5d613b25-76e2-4230-8dcc-2b0a186b0f7f tier=TIER_1 amount=3000.00
2026-06-23T10:35:37.707+01:00 DEBUG 78317 --- [wallet-service] [pool-3-thread-4] com.wallet.service.KycLimitService       : Validating KYC limits for walletId=5d613b25-76e2-4230-8dcc-2b0a186b0f7f tier=TIER_1 amount=3000.00
2026-06-23T10:35:37.708+01:00 DEBUG 78317 --- [wallet-service] [pool-3-thread-2] com.wallet.service.KycLimitService       : KYC validation passed for walletId=5d613b25-76e2-4230-8dcc-2b0a186b0f7f
2026-06-23T10:35:37.708+01:00 DEBUG 78317 --- [wallet-service] [pool-3-thread-2] com.wallet.service.TransferService       : Transfer fee=0 totalDeduction=3000.00
2026-06-23T10:35:37.708+01:00 DEBUG 78317 --- [wallet-service] [pool-3-thread-2] com.wallet.service.TransferService       : Acquiring pessimistic locks on wallets fd1bcb40-d208-4fb7-b93a-a1837e22535e then 5d613b25-76e2-4230-8dcc-2b0a186b0f7f
2026-06-23T10:35:37.715+01:00 DEBUG 78317 --- [wallet-service] [pool-3-thread-5] com.wallet.service.KycLimitService       : Validating KYC limits for walletId=5d613b25-76e2-4230-8dcc-2b0a186b0f7f tier=TIER_1 amount=3000.00
2026-06-23T10:35:37.714+01:00 DEBUG 78317 --- [wallet-service] [pool-3-thread-1] com.wallet.service.KycLimitService       : Validating KYC limits for walletId=5d613b25-76e2-4230-8dcc-2b0a186b0f7f tier=TIER_1 amount=3000.00
2026-06-23T10:35:37.720+01:00 DEBUG 78317 --- [wallet-service] [pool-3-thread-1] com.wallet.service.KycLimitService       : KYC validation passed for walletId=5d613b25-76e2-4230-8dcc-2b0a186b0f7f
2026-06-23T10:35:37.720+01:00 DEBUG 78317 --- [wallet-service] [pool-3-thread-1] com.wallet.service.TransferService       : Transfer fee=0 totalDeduction=3000.00
2026-06-23T10:35:37.720+01:00 DEBUG 78317 --- [wallet-service] [pool-3-thread-5] com.wallet.service.KycLimitService       : KYC validation passed for walletId=5d613b25-76e2-4230-8dcc-2b0a186b0f7f
2026-06-23T10:35:37.720+01:00 DEBUG 78317 --- [wallet-service] [pool-3-thread-1] com.wallet.service.TransferService       : Acquiring pessimistic locks on wallets fd1bcb40-d208-4fb7-b93a-a1837e22535e then 5d613b25-76e2-4230-8dcc-2b0a186b0f7f
2026-06-23T10:35:37.720+01:00 DEBUG 78317 --- [wallet-service] [pool-3-thread-5] com.wallet.service.TransferService       : Transfer fee=0 totalDeduction=3000.00
2026-06-23T10:35:37.721+01:00 DEBUG 78317 --- [wallet-service] [pool-3-thread-5] com.wallet.service.TransferService       : Acquiring pessimistic locks on wallets fd1bcb40-d208-4fb7-b93a-a1837e22535e then 5d613b25-76e2-4230-8dcc-2b0a186b0f7f
2026-06-23T10:35:37.730+01:00 DEBUG 78317 --- [wallet-service] [pool-3-thread-4] com.wallet.service.KycLimitService       : KYC validation passed for walletId=5d613b25-76e2-4230-8dcc-2b0a186b0f7f
2026-06-23T10:35:37.732+01:00 DEBUG 78317 --- [wallet-service] [pool-3-thread-4] com.wallet.service.TransferService       : Transfer fee=0 totalDeduction=3000.00
2026-06-23T10:35:37.732+01:00 DEBUG 78317 --- [wallet-service] [pool-3-thread-4] com.wallet.service.TransferService       : Acquiring pessimistic locks on wallets fd1bcb40-d208-4fb7-b93a-a1837e22535e then 5d613b25-76e2-4230-8dcc-2b0a186b0f7f
2026-06-23T10:35:37.736+01:00  INFO 78317 --- [wallet-service] [pool-3-thread-3] com.wallet.service.WalletService         : Debit walletId=5d613b25-76e2-4230-8dcc-2b0a186b0f7f amount=3000.00 fee=0 ref=CONC-2-6dc30c73-09b7-4595-baef-203528880f45-DR
2026-06-23T10:35:37.740+01:00  INFO 78317 --- [wallet-service] [pool-3-thread-3] com.wallet.service.WalletService         : Credit walletId=fd1bcb40-d208-4fb7-b93a-a1837e22535e amount=3000.00 ref=CONC-2-6dc30c73-09b7-4595-baef-203528880f45-CR
2026-06-23T10:35:37.748+01:00  INFO 78317 --- [wallet-service] [pool-3-thread-3] com.wallet.service.TransferService       : Transfer successful: CONC-2-6dc30c73-09b7-4595-baef-203528880f45
2026-06-23T10:35:37.786+01:00  INFO 78317 --- [wallet-service] [pool-3-thread-2] com.wallet.service.WalletService         : Debit walletId=5d613b25-76e2-4230-8dcc-2b0a186b0f7f amount=3000.00 fee=0 ref=CONC-1-a1465a29-e200-4755-8ec5-8998189488ee-DR
2026-06-23T10:35:37.788+01:00  INFO 78317 --- [wallet-service] [pool-3-thread-2] com.wallet.service.WalletService         : Credit walletId=fd1bcb40-d208-4fb7-b93a-a1837e22535e amount=3000.00 ref=CONC-1-a1465a29-e200-4755-8ec5-8998189488ee-CR
2026-06-23T10:35:37.790+01:00  INFO 78317 --- [wallet-service] [pool-3-thread-2] com.wallet.service.TransferService       : Transfer successful: CONC-1-a1465a29-e200-4755-8ec5-8998189488ee
2026-06-23T10:35:37.831+01:00  INFO 78317 --- [wallet-service] [pool-3-thread-1] com.wallet.service.WalletService         : Debit walletId=5d613b25-76e2-4230-8dcc-2b0a186b0f7f amount=3000.00 fee=0 ref=CONC-0-65e8c8a4-6f25-4ebe-babd-5bedfbcd4001-DR
2026-06-23T10:35:37.833+01:00  INFO 78317 --- [wallet-service] [pool-3-thread-1] com.wallet.service.WalletService         : Credit walletId=fd1bcb40-d208-4fb7-b93a-a1837e22535e amount=3000.00 ref=CONC-0-65e8c8a4-6f25-4ebe-babd-5bedfbcd4001-CR
2026-06-23T10:35:37.835+01:00  INFO 78317 --- [wallet-service] [pool-3-thread-1] com.wallet.service.TransferService       : Transfer successful: CONC-0-65e8c8a4-6f25-4ebe-babd-5bedfbcd4001
2026-06-23T10:35:37.952+01:00  INFO 78317 --- [wallet-service] [           main] c.wallet.WalletFeatureIntegrationTest    : [CONCURRENT] successes=3 failures=2 finalBalance=1000.0000
]]></system-out>
  </testcase>
</testsuite>